* * * R E S U L T S * * *
Normalised Route Distance	: 9.65525819079344
True Route Distance			: 9.655258190793441

* * * T A X I S * * *
N O R M A L I S E D
TaxiID	: Normalised Distance
140		: 5.035609287471032
160		: 9.128393093109283
110		: 10.930002420896908
190		: 11.084071976072202
T R U E
TaxiID	: True Distance
140		: 5.10130590061949
160		: 9.194089706257737
110		: 10.930002420896905
190		: 11.149768589220658
R A T I N G S
TaxiID	: Rating
140		: 9.1
110		: 8.0
190		: 7.2
160		: 7.1

* * * J I P  S T A T S * * *
Consulting	: 9.861s

* * * A  S T A R  S T A T S * * *
Total time	: 3.159s

T O T A L  R U N T I M E : 13.552s
