* * * R E S U L T S * * *
Normalised Route Distance	: 8.127226880050971
True Route Distance			: 8.127226880050966

* * * T A X I S * * *
N O R M A L I S E D
TaxiID	: Normalised Distance
140		: 4.979582014351222
160		: 6.867200344233677
110		: 9.613748377042677
190		: 10.93197952171662
T R U E
TaxiID	: True Distance
140		: 5.04527862749968
160		: 6.867200344233676
110		: 9.757365268821298
190		: 10.931979521716618
R A T I N G S
TaxiID	: Rating
140		: 9.1
110		: 8.0
190		: 7.2
160		: 7.1

* * * J I P  S T A T S * * *
Consulting	: 10.102s

* * * A  S T A R  S T A T S * * *
Total time	: 7.914s

T O T A L  R U N T I M E : 18.572s
